[2021-04-09 04:26:01,991] [RBC/INFO]: Raid bot community - v0.1 alpha - arturyudin.site - [club199568112|pwned solutions]
[2021-04-09 04:26:10,298] [RBC/INFO]: 331320136 requested raid start.
[2021-04-09 04:26:10,299] [RBC/INFO]: Request approved. Starting raid.
[2021-04-09 04:26:27,970] [RBC/INFO]: 331320136 requested raid stop
[2021-04-09 04:26:27,970] [RBC/INFO]: Request approved. Starting raid.
[2021-04-09 04:32:58,717] [RBC/INFO]: Raid bot community - v0.1 alpha - arturyudin.site - [club199568112|pwned solutions]
[2021-04-09 04:33:08,647] [RBC/INFO]: 331320136 requested raid start.
[2021-04-09 04:33:08,647] [RBC/INFO]: Request approved. Starting raid.
[2021-04-09 04:33:18,360] [RBC/INFO]: 331320136 requested raid stop
[2021-04-09 04:33:18,361] [RBC/INFO]: Request approved. Starting raid.
[2021-07-16 20:06:07,747] [RBC/INFO]: Raid bot community - v0.2 - https://arturyud.in/ - [club199568112|pwned solutions]
[2021-07-16 20:10:43,754] [RBC/INFO]: Raid bot community - v0.2 - https://arturyud.in/ - [club199568112|pwned solutions]
[2021-07-16 20:21:28,503] [RBC/INFO]: Raid bot community - v0.2 - https://arturyud.in/ - [club199568112|pwned solutions]
[2021-07-16 20:25:59,605] [RBC/INFO]: Raid bot community - v0.2 - https://arturyud.in/ - [club199568112|pwned solutions]
[2021-07-16 20:26:09,347] [RBC/INFO]: Entered conversation
[2021-07-16 20:26:38,426] [RBC/INFO]: 331320136 requested raid start.
[2021-07-16 20:26:38,427] [RBC/INFO]: Request approved. Starting raid.
[2021-07-16 20:27:17,628] [RBC/ERROR]: Kicked from conversation, stopping...
[2021-07-16 20:27:17,628] [RBC/INFO]: Stopping our process
[2021-07-16 20:32:16,754] [RBC/INFO]: Raid bot community - v0.2 - https://arturyud.in/ - [club199568112|pwned solutions]
[2021-07-16 20:33:06,270] [RBC/INFO]: Entered conversation
[2021-07-16 20:33:56,492] [RBC/INFO]: Raid bot community - v0.2 - https://arturyud.in/ - [club199568112|pwned solutions]
[2021-07-16 20:34:12,495] [RBC/INFO]: Entered conversation
[2021-07-16 20:34:15,380] [RBC/INFO]: 331320136 requested raid start.
[2021-07-16 20:34:15,380] [RBC/INFO]: Request approved. Starting raid.
[2021-07-16 20:34:43,865] [RBC/INFO]: 331320136 requested raid stop
[2021-07-16 20:34:43,865] [RBC/INFO]: Request approved. Starting raid.
[2021-07-16 20:36:36,004] [RBC/INFO]: Raid bot community - v0.2 - https://arturyud.in/ - [club199568112|pwned solutions]
[2021-07-16 20:36:52,437] [RBC/INFO]: 331320136 requested raid start.
[2021-07-16 20:36:52,437] [RBC/INFO]: Request approved. Starting raid.
[2021-07-16 20:37:22,742] [RBC/ERROR]: Kicked from conversation, stopping...
[2021-07-16 20:37:22,742] [RBC/INFO]: Stopping our process
[2021-07-16 20:37:43,248] [RBC/INFO]: Raid bot community - v0.2 - https://arturyud.in/ - [club199568112|pwned solutions]
[2021-07-16 20:37:59,030] [RBC/INFO]: 331320136 requested raid start.
[2021-07-16 20:37:59,030] [RBC/INFO]: Request approved. Starting raid.
[2021-07-16 20:38:19,627] [RBC/INFO]: 331320136 requested raid stop
[2021-07-16 20:38:19,628] [RBC/INFO]: Request approved. Starting raid.
[2021-07-16 20:42:25,795] [RBC/INFO]: Raid bot community - v0.2 - https://arturyud.in/ - [club199568112|pwned solutions]
[2021-07-16 20:42:34,443] [RBC/INFO]: 331320136 requested raid start.
[2021-07-16 20:42:34,443] [RBC/INFO]: Request approved. Starting raid.
[2021-07-16 20:42:44,916] [RBC/INFO]: 331320136 requested raid stop
[2021-07-16 20:42:44,916] [RBC/INFO]: Request approved. Starting raid.
[2021-07-16 20:43:53,334] [RBC/INFO]: Raid bot community - v0.2 - https://arturyud.in/ - [club199568112|pwned solutions]
[2021-07-16 20:43:57,977] [RBC/INFO]: 331320136 requested raid start.
[2021-07-16 20:43:57,978] [RBC/INFO]: Request approved. Starting raid.
[2021-07-16 20:44:28,349] [RBC/ERROR]: Kicked from conversation, stopping...
[2021-07-16 20:44:28,349] [RBC/INFO]: Stopping our process
